<?xml version="1.0" encoding="UTF-8"?>
<testsuite name="domain.service.weather.WeatherServiceTest" tests="6" skipped="6" failures="0" errors="0" timestamp="2023-02-16T13:30:12" hostname="DELL-G048793" time="0.002">
  <properties/>
  <testcase name="invalidateCacheWorksCorrectlyForCountryEntriesForAllKey()" classname="domain.service.weather.WeatherServiceTest" time="0.0">
    <skipped/>
  </testcase>
  <testcase name="shouldCacheValuesCorrectlyForCountryEntriesForEachKey()" classname="domain.service.weather.WeatherServiceTest" time="0.0">
    <skipped/>
  </testcase>
  <testcase name="invalidateCacheWorksCorrectlyForCountryEntriesForEachKey()" classname="domain.service.weather.WeatherServiceTest" time="0.0">
    <skipped/>
  </testcase>
  <testcase name="initialiseCacheIsWorkingCorrectly()" classname="domain.service.weather.WeatherServiceTest" time="0.001">
    <skipped/>
  </testcase>
  <testcase name="shouldCacheValuesCorrectly()" classname="domain.service.weather.WeatherServiceTest" time="0.0">
    <skipped/>
  </testcase>
  <testcase name="shouldClearCache()" classname="domain.service.weather.WeatherServiceTest" time="0.0">
    <skipped/>
  </testcase>
  <system-out><![CDATA[]]></system-out>
  <system-err><![CDATA[]]></system-err>
</testsuite>
