<?xml version="1.0" encoding="UTF-8"?>
<testsuite name="domain.service.TownServiceTest" tests="2" skipped="0" failures="0" errors="0" timestamp="2023-02-16T13:30:13" hostname="DELL-G048793" time="0.291">
  <properties/>
  <testcase name="sumOfCharsShouldReturnCorrectValues()" classname="domain.service.TownServiceTest" time="0.229"/>
  <testcase name="findOrFailShouldDelegateToRepository()" classname="domain.service.TownServiceTest" time="0.061"/>
  <system-out><![CDATA[]]></system-out>
  <system-err><![CDATA[]]></system-err>
</testsuite>
