<?xml version="1.0" encoding="UTF-8"?>
<testsuite name="application.jpaRepository.TownJPARepositoryTest" tests="2" skipped="2" failures="0" errors="0" timestamp="2023-02-16T13:30:12" hostname="DELL-G048793" time="0.0">
  <properties/>
  <testcase name="update()" classname="application.jpaRepository.TownJPARepositoryTest" time="0.0">
    <skipped/>
  </testcase>
  <testcase name="save()" classname="application.jpaRepository.TownJPARepositoryTest" time="0.0">
    <skipped/>
  </testcase>
  <system-out><![CDATA[]]></system-out>
  <system-err><![CDATA[]]></system-err>
</testsuite>
